  CourseWork Client.cpp
E:\Documents\ИЭФ\курсовая 4 сем\CourseWork Client\ClientClasses.h(89,12): warning C4244: =: преобразование "double" в "float", возможна потеря данных
E:\Documents\ИЭФ\курсовая 4 сем\CourseWork Client\ClientClasses.h(181,16): warning C4244: =: преобразование "double" в "float", возможна потеря данных
E:\Documents\ИЭФ\курсовая 4 сем\CourseWork Client\ClientClasses.h(223,18): warning C4244: =: преобразование "double" в "float", возможна потеря данных
E:\Documents\ИЭФ\курсовая 4 сем\CourseWork Client\CourseWork Client.cpp(419,6): warning C4101: kursor: неиспользованная локальная переменная
E:\Documents\ИЭФ\курсовая 4 сем\CourseWork Client\CourseWork Client.cpp(418,6): warning C4101: scal: неиспользованная локальная переменная
E:\Documents\ИЭФ\курсовая 4 сем\CourseWork Client\CourseWork Client.cpp(417,7): warning C4101: str: неиспользованная локальная переменная
E:\Documents\ИЭФ\курсовая 4 сем\CourseWork Client\CourseWork Client.cpp(683,17): warning C4101: str: неиспользованная локальная переменная
E:\Documents\ИЭФ\курсовая 4 сем\CourseWork Client\CourseWork Client.cpp(985,14): warning C4244: инициализация: преобразование "_Ty" в "int", возможна потеря данных
E:\Documents\ИЭФ\курсовая 4 сем\CourseWork Client\CourseWork Client.cpp(985,14): warning C4244:         with
E:\Documents\ИЭФ\курсовая 4 сем\CourseWork Client\CourseWork Client.cpp(985,14): warning C4244:         [
E:\Documents\ИЭФ\курсовая 4 сем\CourseWork Client\CourseWork Client.cpp(985,14): warning C4244:             _Ty=float
E:\Documents\ИЭФ\курсовая 4 сем\CourseWork Client\CourseWork Client.cpp(985,14): warning C4244:         ]
E:\Documents\ИЭФ\курсовая 4 сем\CourseWork Client\CourseWork Client.cpp(997,42): warning C4101: k: неиспользованная локальная переменная
E:\Documents\ИЭФ\курсовая 4 сем\CourseWork Client\CourseWork Client.cpp(998,7): warning C4101: buf: неиспользованная локальная переменная
E:\Documents\ИЭФ\курсовая 4 сем\CourseWork Client\CourseWork Client.cpp(997,24): warning C4101: number: неиспользованная локальная переменная
E:\Documents\ИЭФ\курсовая 4 сем\CourseWork Client\CourseWork Client.cpp(1053,17): warning C4101: vhod: неиспользованная локальная переменная
E:\Documents\ИЭФ\курсовая 4 сем\CourseWork Client\CourseWork Client.cpp(310,21): warning C4018: <: несоответствие типов со знаком и без знака
E:\Documents\ИЭФ\курсовая 4 сем\CourseWork Client\CourseWork Client.cpp(305): message : во время компиляции функции-члена класс шаблон "char *entrance<char>::crypt(T [])"
E:\Documents\ИЭФ\курсовая 4 сем\CourseWork Client\CourseWork Client.cpp(305): message :         with
E:\Documents\ИЭФ\курсовая 4 сем\CourseWork Client\CourseWork Client.cpp(305): message :         [
E:\Documents\ИЭФ\курсовая 4 сем\CourseWork Client\CourseWork Client.cpp(305): message :             T=char
E:\Documents\ИЭФ\курсовая 4 сем\CourseWork Client\CourseWork Client.cpp(305): message :         ]
E:\Documents\ИЭФ\курсовая 4 сем\CourseWork Client\CourseWork Client.cpp(295): message : выполняется компиляция ссылки на экземпляр шаблон функции "char *entrance<char>::crypt(T [])"
E:\Documents\ИЭФ\курсовая 4 сем\CourseWork Client\CourseWork Client.cpp(295): message :         with
E:\Documents\ИЭФ\курсовая 4 сем\CourseWork Client\CourseWork Client.cpp(295): message :         [
E:\Documents\ИЭФ\курсовая 4 сем\CourseWork Client\CourseWork Client.cpp(295): message :             T=char
E:\Documents\ИЭФ\курсовая 4 сем\CourseWork Client\CourseWork Client.cpp(295): message :         ]
E:\Documents\ИЭФ\курсовая 4 сем\CourseWork Client\CourseWork Client.cpp(1053): message : выполняется компиляция ссылки на экземпляр класс шаблон функции "entrance<char>"
E:\Documents\ИЭФ\курсовая 4 сем\CourseWork Client\CourseWork Client.cpp(319,21): warning C4018: <: несоответствие типов со знаком и без знака
E:\Documents\ИЭФ\курсовая 4 сем\CourseWork Client\CourseWork Client.cpp(378): warning C4715: entrance<char>::openuser: значение возвращается не при всех путях выполнения
E:\Documents\ИЭФ\курсовая 4 сем\CourseWork Client\CourseWork Client.cpp(80): warning C4715: entrance<char>::deleteuser: значение возвращается не при всех путях выполнения
E:\Documents\ИЭФ\курсовая 4 сем\CourseWork Client\CourseWork Client.cpp(173): warning C4715: entrance<char>::loginadmin: значение возвращается не при всех путях выполнения
  CourseWork Client.vcxproj -> E:\Documents\ИЭФ\курсовая 4 сем\CourseWork Client\Debug\CourseWork Client.exe
